<?xml version="1.0" encoding="UTF-8"?>
<!-- Generated by org.testng.reporters.JUnitReportReporter -->
<testsuite hostname="DESKTOP-DKDL5RH" failures="0" tests="6" name="api.test.DDTests" time="12.536" errors="0" timestamp="2024-04-14T14:17:23 IST" skipped="0">
  <testcase classname="api.test.DDTests" name="testPostuser" time="4.790"/>
  <system-out/>
  <testcase classname="api.test.DDTests" name="testPostuser" time="1.561"/>
  <system-out/>
  <testcase classname="api.test.DDTests" name="testPostuser" time="1.580"/>
  <system-out/>
  <testcase classname="api.test.DDTests" name="testDeleteUserByName" time="1.570"/>
  <system-out/>
  <testcase classname="api.test.DDTests" name="testDeleteUserByName" time="1.550"/>
  <system-out/>
  <testcase classname="api.test.DDTests" name="testDeleteUserByName" time="1.485"/>
  <system-out/>
</testsuite> <!-- api.test.DDTests -->
