<?xml version="1.0" encoding="UTF-8"?>
<!-- Generated by org.testng.reporters.JUnitReportReporter -->
<testsuite hostname="DESKTOP-DKDL5RH" failures="0" tests="4" name="api.test.userTests" time="10.788" errors="0" timestamp="2024-04-17T15:23:04 IST" skipped="0">
  <testcase classname="api.test.userTests" name="testPostUser" time="4.852"/>
  <system-out/>
  <testcase classname="api.test.userTests" name="testGEtUserByUsername" time="1.449"/>
  <system-out/>
  <testcase classname="api.test.userTests" name="testUpdateUserByUsername" time="2.945"/>
  <system-out/>
  <testcase classname="api.test.userTests" name="testDeleteUserByUsername" time="1.542"/>
  <system-out/>
</testsuite> <!-- api.test.userTests -->
