<?xml version="1.0" encoding="UTF-8"?>
<!-- Generated by org.testng.reporters.JUnitReportReporter -->
<testsuite hostname="DESKTOP-DKDL5RH" failures="0" tests="4" name="api.test.userTests" time="12.015" errors="0" timestamp="2024-05-05T13:19:19 IST" skipped="0">
  <testcase classname="api.test.userTests" name="testPostUser" time="6.189"/>
  <system-out/>
  <testcase classname="api.test.userTests" name="testGEtUserByUsername" time="1.460"/>
  <system-out/>
  <testcase classname="api.test.userTests" name="testUpdateUserByUsername" time="2.880"/>
  <system-out/>
  <testcase classname="api.test.userTests" name="testDeleteUserByUsername" time="1.486"/>
  <system-out/>
</testsuite> <!-- api.test.userTests -->
